<?xml version="1.0" encoding="UTF-8"?>
<testng-results skipped="0" failed="0" ignored="0" total="1" passed="1">
  <reporter-output>
  </reporter-output>
  <suite name="BDD Free CRM Test" duration-ms="12454" started-at="2020-09-07T04:22:40Z" finished-at="2020-09-07T04:22:53Z">
    <groups>
      <group name="cucumber">
        <method signature="TestRunner.feature(cucumber.api.testng.CucumberFeatureWrapper)[pri:0, instance:myRunner.TestRunner@14bf9759]" name="feature" class="myRunner.TestRunner"/>
      </group> <!-- cucumber -->
    </groups>
    <test name="Free CRM Test" duration-ms="12454" started-at="2020-09-07T04:22:40Z" finished-at="2020-09-07T04:22:53Z">
      <class name="myRunner.TestRunner">
        <test-method status="PASS" signature="setUpClass()[pri:0, instance:myRunner.TestRunner@14bf9759]" name="setUpClass" is-config="true" duration-ms="180" started-at="2020-09-07T04:22:40Z" finished-at="2020-09-07T04:22:40Z">
          <reporter-output>
          </reporter-output>
        </test-method> <!-- setUpClass -->
        <test-method status="PASS" signature="feature(cucumber.api.testng.CucumberFeatureWrapper)[pri:0, instance:myRunner.TestRunner@14bf9759]" name="feature" duration-ms="12140" started-at="2020-09-07T04:22:40Z" description="Runs cucumber feature" data-provider="features" finished-at="2020-09-07T04:22:52Z">
          <params>
            <param index="0">
              <value>
                <![CDATA[Free CRM Login feature file]]>
              </value>
            </param>
          </params>
          <reporter-output>
          </reporter-output>
        </test-method> <!-- feature -->
        <test-method status="PASS" signature="tearDown()[pri:0, instance:myRunner.TestRunner@14bf9759]" name="tearDown" is-config="true" duration-ms="66" started-at="2020-09-07T04:22:52Z" finished-at="2020-09-07T04:22:53Z">
          <reporter-output>
          </reporter-output>
        </test-method> <!-- tearDown -->
      </class> <!-- myRunner.TestRunner -->
    </test> <!-- Free CRM Test -->
  </suite> <!-- BDD Free CRM Test -->
</testng-results>
